2023-04-23 20:47:08.526 [main] DEBUG com.litao.ServerApplication - Running with Spring Boot v3.0.5, Spring v6.0.7
2023-04-23 20:47:10.217 [main] DEBUG c.litao.security.filter.AuthenticationTokenFilter - Filter 'authenticationTokenFilter' configured for use
2023-04-23 20:48:29.180 [main] DEBUG com.litao.ServerApplication - Running with Spring Boot v3.0.5, Spring v6.0.7
2023-04-23 20:48:30.931 [main] DEBUG c.litao.security.filter.AuthenticationTokenFilter - Filter 'authenticationTokenFilter' configured for use
2023-04-23 20:51:51.234 [main] DEBUG com.litao.ServerApplication - Running with Spring Boot v3.0.5, Spring v6.0.7
2023-04-23 20:51:52.900 [main] DEBUG c.litao.security.filter.AuthenticationTokenFilter - Filter 'authenticationTokenFilter' configured for use
2023-04-23 20:56:56.533 [main] DEBUG com.litao.ServerApplication - Running with Spring Boot v3.0.5, Spring v6.0.7
2023-04-23 20:56:58.345 [main] DEBUG c.litao.security.filter.AuthenticationTokenFilter - Filter 'authenticationTokenFilter' configured for use
2023-04-23 21:03:04.347 [main] DEBUG com.litao.ServerApplication - Running with Spring Boot v3.0.5, Spring v6.0.7
2023-04-23 21:03:06.632 [main] DEBUG c.litao.security.filter.AuthenticationTokenFilter - Filter 'authenticationTokenFilter' configured for use
2023-04-23 21:07:18.623 [main] DEBUG com.litao.ServerApplication - Running with Spring Boot v3.0.5, Spring v6.0.7
2023-04-23 21:07:20.717 [main] DEBUG c.litao.security.filter.AuthenticationTokenFilter - Filter 'authenticationTokenFilter' configured for use
2023-04-23 21:13:38.632 [main] DEBUG com.litao.ServerApplication - Running with Spring Boot v3.0.5, Spring v6.0.7
2023-04-23 21:13:40.341 [main] DEBUG c.litao.security.filter.AuthenticationTokenFilter - Filter 'authenticationTokenFilter' configured for use
2023-04-23 21:17:04.376 [http-nio-8080-exec-9] DEBUG com.litao.rbac.dao.SysUserDao.selectList - ==>  Preparing: SELECT id,username,password,real_name,avatar,gender,email,mobile,super_admin,status,creator,create_time,updater,update_time,deleted FROM sys_user WHERE deleted=0 AND (username = ?)
2023-04-23 21:17:04.392 [http-nio-8080-exec-9] DEBUG com.litao.rbac.dao.SysUserDao.selectList - ==> Parameters: admin(String)
2023-04-23 21:17:04.413 [http-nio-8080-exec-9] DEBUG com.litao.rbac.dao.SysUserDao.selectList - <==      Total: 1
2023-04-23 21:24:36.504 [main] DEBUG com.litao.ServerApplication - Running with Spring Boot v3.0.5, Spring v6.0.7
2023-04-23 21:24:38.442 [main] DEBUG c.litao.security.filter.AuthenticationTokenFilter - Filter 'authenticationTokenFilter' configured for use
2023-04-23 21:26:42.162 [http-nio-8080-exec-18] DEBUG com.litao.rbac.dao.SysUserDao.selectList - ==>  Preparing: SELECT id,username,password,real_name,avatar,gender,email,mobile,super_admin,status,creator,create_time,updater,update_time,deleted FROM sys_user WHERE deleted=0 AND (username = ?)
2023-04-23 21:26:42.183 [http-nio-8080-exec-18] DEBUG com.litao.rbac.dao.SysUserDao.selectList - ==> Parameters: admin(String)
2023-04-23 21:26:42.205 [http-nio-8080-exec-18] DEBUG com.litao.rbac.dao.SysUserDao.selectList - <==      Total: 1
2023-04-23 21:38:58.786 [main] DEBUG com.litao.ServerApplication - Running with Spring Boot v3.0.5, Spring v6.0.7
2023-04-23 21:39:00.629 [main] DEBUG c.litao.security.filter.AuthenticationTokenFilter - Filter 'authenticationTokenFilter' configured for use
2023-04-23 21:39:31.614 [http-nio-8080-exec-18] DEBUG com.litao.rbac.dao.SysUserDao.selectList - ==>  Preparing: SELECT id,username,password,real_name,avatar,gender,email,mobile,super_admin,status,creator,create_time,updater,update_time,deleted FROM sys_user WHERE deleted=0 AND (username = ?)
2023-04-23 21:39:31.632 [http-nio-8080-exec-18] DEBUG com.litao.rbac.dao.SysUserDao.selectList - ==> Parameters: admin(String)
2023-04-23 21:39:31.649 [http-nio-8080-exec-18] DEBUG com.litao.rbac.dao.SysUserDao.selectList - <==      Total: 1
2023-04-23 21:39:31.658 [http-nio-8080-exec-18] DEBUG com.litao.rbac.dao.SysMenuDao.getAuthorityList - ==>  Preparing: SELECT authority FROM sys_menu WHERE deleted = 0
2023-04-23 21:39:31.659 [http-nio-8080-exec-18] DEBUG com.litao.rbac.dao.SysMenuDao.getAuthorityList - ==> Parameters: 
2023-04-23 21:39:31.662 [http-nio-8080-exec-18] DEBUG com.litao.rbac.dao.SysMenuDao.getAuthorityList - <==      Total: 30
2023-04-23 21:39:48.406 [http-nio-8080-exec-23] DEBUG com.litao.rbac.dao.SysMenuDao.getMenuList - ==>  Preparing: SELECT * FROM sys_menu WHERE deleted = 0 AND type = ? ORDER BY sort
2023-04-23 21:39:48.407 [http-nio-8080-exec-23] DEBUG com.litao.rbac.dao.SysMenuDao.getMenuList - ==> Parameters: 0(Integer)
2023-04-23 21:39:48.415 [http-nio-8080-exec-23] DEBUG com.litao.rbac.dao.SysMenuDao.getMenuList - <==      Total: 10
2023-04-23 21:39:48.417 [http-nio-8080-exec-23] DEBUG com.litao.rbac.dao.SysMenuDao.getAuthorityList - ==>  Preparing: SELECT authority FROM sys_menu WHERE deleted = 0
2023-04-23 21:39:48.417 [http-nio-8080-exec-23] DEBUG com.litao.rbac.dao.SysMenuDao.getAuthorityList - ==> Parameters: 
2023-04-23 21:39:48.419 [http-nio-8080-exec-23] DEBUG com.litao.rbac.dao.SysMenuDao.getAuthorityList - <==      Total: 30
2023-04-23 22:00:12.516 [main] DEBUG com.litao.ServerApplication - Running with Spring Boot v3.0.5, Spring v6.0.7
2023-04-23 22:00:14.609 [main] DEBUG c.litao.security.filter.AuthenticationTokenFilter - Filter 'authenticationTokenFilter' configured for use
2023-04-23 22:00:35.995 [http-nio-8080-exec-10] DEBUG com.litao.rbac.dao.SysUserDao.selectById - ==>  Preparing: SELECT id,username,password,real_name,avatar,gender,email,mobile,super_admin,status,creator,create_time,updater,update_time,deleted FROM sys_user WHERE id=? AND deleted=0
2023-04-23 22:00:36.012 [http-nio-8080-exec-10] DEBUG com.litao.rbac.dao.SysUserDao.selectById - ==> Parameters: 10000(Long)
2023-04-23 22:00:36.028 [http-nio-8080-exec-10] DEBUG com.litao.rbac.dao.SysUserDao.selectById - <==      Total: 1
2023-04-23 22:00:36.101 [http-nio-8080-exec-10] DEBUG com.litao.rbac.dao.SysUserDao.updateById - ==>  Preparing: UPDATE sys_user SET username=?, password=?, real_name=?, avatar=?, gender=?, email=?, mobile=?, super_admin=?, status=?, create_time=?, updater=?, update_time=? WHERE id=? AND deleted=0
2023-04-23 22:00:36.102 [http-nio-8080-exec-10] DEBUG com.litao.rbac.dao.SysUserDao.updateById - ==> Parameters: admin(String), {bcrypt}$2a$10$Kof9J3A2npq1yMQrc6iYDOfxzd.AA2Nm.yvJxJ3xXLJPgZr7/d5Nq(String), InfinityX7(String), https://i2.100024.xyz/2023/01/26/3e727b.webp(String), 1(Integer), 16422802@qq.com(String), 13951905171(String), 1(Integer), 1(Integer), 2023-04-09 17:33:13.0(Timestamp), 10000(Long), 2023-04-09 17:33:13.0(Timestamp), 10000(Long)
2023-04-23 22:00:36.108 [http-nio-8080-exec-10] DEBUG com.litao.rbac.dao.SysUserDao.updateById - <==    Updates: 1
2023-04-23 22:09:54.312 [main] DEBUG com.litao.ServerApplication - Running with Spring Boot v3.0.5, Spring v6.0.7
2023-04-23 22:09:56.717 [main] DEBUG c.litao.security.filter.AuthenticationTokenFilter - Filter 'authenticationTokenFilter' configured for use
2023-04-23 22:10:29.769 [http-nio-8080-exec-9] DEBUG c.litao.rbac.dao.SysLogLoginDao.selectPage_mpCount - ==>  Preparing: SELECT COUNT(*) AS total FROM sys_log_login
2023-04-23 22:10:29.784 [http-nio-8080-exec-9] DEBUG c.litao.rbac.dao.SysLogLoginDao.selectPage_mpCount - ==> Parameters: 
2023-04-23 22:10:29.804 [http-nio-8080-exec-9] DEBUG c.litao.rbac.dao.SysLogLoginDao.selectPage_mpCount - <==      Total: 1
2023-04-23 22:10:29.815 [http-nio-8080-exec-9] DEBUG com.litao.rbac.dao.SysLogLoginDao.selectPage - ==>  Preparing: SELECT id,username,ip,address,user_agent,status,operation,create_time FROM sys_log_login ORDER BY id DESC LIMIT ?
2023-04-23 22:10:29.816 [http-nio-8080-exec-9] DEBUG com.litao.rbac.dao.SysLogLoginDao.selectPage - ==> Parameters: 10(Long)
2023-04-23 22:10:29.820 [http-nio-8080-exec-9] DEBUG com.litao.rbac.dao.SysLogLoginDao.selectPage - <==      Total: 10
2023-04-23 22:23:00.687 [main] DEBUG com.litao.ServerApplication - Running with Spring Boot v3.0.5, Spring v6.0.7
2023-04-23 22:23:02.523 [main] DEBUG c.litao.security.filter.AuthenticationTokenFilter - Filter 'authenticationTokenFilter' configured for use
2023-04-23 22:24:37.531 [http-nio-8080-exec-3] DEBUG com.litao.dao.NoticeDao.selectPage_mpCount - ==>  Preparing: SELECT COUNT(*) AS total FROM t_notice WHERE deleted = 0
2023-04-23 22:24:37.549 [http-nio-8080-exec-3] DEBUG com.litao.dao.NoticeDao.selectPage_mpCount - ==> Parameters: 
2023-04-23 22:24:37.566 [http-nio-8080-exec-3] DEBUG com.litao.dao.NoticeDao.selectPage_mpCount - <==      Total: 1
2023-04-23 22:24:37.573 [http-nio-8080-exec-3] DEBUG com.litao.dao.NoticeDao.selectPage - ==>  Preparing: SELECT id,title,content,creator,create_time,updater,update_time,deleted FROM t_notice WHERE deleted=0 LIMIT ?
2023-04-23 22:24:37.574 [http-nio-8080-exec-3] DEBUG com.litao.dao.NoticeDao.selectPage - ==> Parameters: 10(Long)
2023-04-23 22:24:37.581 [http-nio-8080-exec-3] DEBUG com.litao.dao.NoticeDao.selectPage - <==      Total: 10
2023-04-23 22:25:30.202 [http-nio-8080-exec-20] DEBUG com.litao.dao.NoticeDao.insert - ==>  Preparing: INSERT INTO t_notice ( id, title, content, creator, create_time, updater, update_time, deleted ) VALUES ( ?, ?, ?, ?, ?, ?, ?, ? )
2023-04-23 22:25:30.203 [http-nio-8080-exec-20] DEBUG com.litao.dao.NoticeDao.insert - ==> Parameters: 0(Long), test(String), test(String), 10000(Long), 2023-04-23 22:25:30.199(Timestamp), 10000(Long), 2023-04-23 22:25:30.199(Timestamp), 0(Integer)
2023-04-23 22:25:30.215 [http-nio-8080-exec-20] DEBUG com.litao.dao.NoticeDao.insert - <==    Updates: 1
2023-04-23 22:26:05.424 [http-nio-8080-exec-18] DEBUG com.litao.dao.NoticeDao.updateById - ==>  Preparing: UPDATE t_notice SET title=?, content=?, updater=?, update_time=? WHERE id=? AND deleted=0
2023-04-23 22:26:05.425 [http-nio-8080-exec-18] DEBUG com.litao.dao.NoticeDao.updateById - ==> Parameters: test(String), testAAAA(String), 10000(Long), 2023-04-23 22:26:05.419(Timestamp), 114(Long)
2023-04-23 22:26:05.427 [http-nio-8080-exec-18] DEBUG com.litao.dao.NoticeDao.updateById - <==    Updates: 1
2023-04-23 22:26:22.661 [http-nio-8080-exec-22] DEBUG com.litao.dao.NoticeDao.selectById - ==>  Preparing: SELECT id,title,content,creator,create_time,updater,update_time,deleted FROM t_notice WHERE id=? AND deleted=0
2023-04-23 22:26:22.662 [http-nio-8080-exec-22] DEBUG com.litao.dao.NoticeDao.selectById - ==> Parameters: 114(Long)
2023-04-23 22:26:22.663 [http-nio-8080-exec-22] DEBUG com.litao.dao.NoticeDao.selectById - <==      Total: 1
2023-04-23 22:26:36.222 [http-nio-8080-exec-24] DEBUG com.litao.dao.NoticeDao.deleteById - ==>  Preparing: UPDATE t_notice SET updater=?,update_time=?, deleted=1 WHERE id=? AND deleted=0
2023-04-23 22:26:36.222 [http-nio-8080-exec-24] DEBUG com.litao.dao.NoticeDao.deleteById - ==> Parameters: 10000(Long), 2023-04-23 22:26:36.221(Timestamp), 114(Long)
2023-04-23 22:26:36.223 [http-nio-8080-exec-24] DEBUG com.litao.dao.NoticeDao.deleteById - <==    Updates: 1
2023-04-23 22:32:18.200 [main] DEBUG com.litao.ServerApplication - Running with Spring Boot v3.0.5, Spring v6.0.7
2023-04-23 22:32:19.947 [main] DEBUG c.litao.security.filter.AuthenticationTokenFilter - Filter 'authenticationTokenFilter' configured for use
