2023-05-02 16:17:29.441 [main] DEBUG com.litao.ServerApplication - Running with Spring Boot v3.0.5, Spring v6.0.7
2023-05-02 16:17:32.134 [main] DEBUG c.litao.security.filter.AuthenticationTokenFilter - Filter 'authenticationTokenFilter' configured for use
2023-05-02 16:20:13.382 [http-nio-8080-exec-17] DEBUG com.litao.rbac.dao.SysUserDao.selectList - ==>  Preparing: SELECT id,username,password,real_name,avatar,gender,email,mobile,super_admin,status,creator,create_time,updater,update_time,deleted FROM sys_user WHERE deleted=0 AND (username = ?)
2023-05-02 16:20:13.398 [http-nio-8080-exec-17] DEBUG com.litao.rbac.dao.SysUserDao.selectList - ==> Parameters: admin(String)
2023-05-02 16:20:13.477 [http-nio-8080-exec-17] DEBUG com.litao.rbac.dao.SysUserDao.selectList - <==      Total: 1
2023-05-02 16:20:13.486 [http-nio-8080-exec-17] DEBUG com.litao.rbac.dao.SysMenuDao.getAuthorityList - ==>  Preparing: SELECT authority FROM sys_menu WHERE deleted = 0
2023-05-02 16:20:13.487 [http-nio-8080-exec-17] DEBUG com.litao.rbac.dao.SysMenuDao.getAuthorityList - ==> Parameters: 
2023-05-02 16:20:13.491 [http-nio-8080-exec-17] DEBUG com.litao.rbac.dao.SysMenuDao.getAuthorityList - <==      Total: 30
2023-05-02 16:20:13.573 [http-nio-8080-exec-17] DEBUG com.litao.rbac.dao.SysLogLoginDao.insert - ==>  Preparing: INSERT INTO sys_log_login ( username, ip, address, user_agent, status, operation, create_time ) VALUES ( ?, ?, ?, ?, ?, ?, ? )
2023-05-02 16:20:13.574 [http-nio-8080-exec-17] DEBUG com.litao.rbac.dao.SysLogLoginDao.insert - ==> Parameters: admin(String), 127.0.0.1(String), 内网IP(String), Mozilla/5.0 (Windows NT 10.0; Win64; x64) AppleWebKit/537.36 (KHTML, like Gecko) Chrome/112.0.0.0 Safari/537.36(String), 1(Integer), 0(Integer), 2023-05-02 16:20:13.572(Timestamp)
2023-05-02 16:20:13.786 [http-nio-8080-exec-17] DEBUG com.litao.rbac.dao.SysLogLoginDao.insert - <==    Updates: 1
2023-05-02 16:20:33.639 [http-nio-8080-exec-11] DEBUG com.litao.rbac.dao.SysRoleDao.selectPage_mpCount - ==>  Preparing: SELECT COUNT(*) AS total FROM sys_role WHERE deleted = 0
2023-05-02 16:20:33.639 [http-nio-8080-exec-11] DEBUG com.litao.rbac.dao.SysRoleDao.selectPage_mpCount - ==> Parameters: 
2023-05-02 16:20:33.643 [http-nio-8080-exec-11] DEBUG com.litao.rbac.dao.SysRoleDao.selectPage_mpCount - <==      Total: 1
2023-05-02 16:20:33.648 [http-nio-8080-exec-11] DEBUG com.litao.rbac.dao.SysRoleDao.selectPage - ==>  Preparing: SELECT id,name,remark,creator,create_time,updater,update_time,deleted FROM sys_role WHERE deleted=0 LIMIT ?
2023-05-02 16:20:33.649 [http-nio-8080-exec-11] DEBUG com.litao.rbac.dao.SysRoleDao.selectPage - ==> Parameters: 12(Long)
2023-05-02 16:20:33.675 [http-nio-8080-exec-11] DEBUG com.litao.rbac.dao.SysRoleDao.selectPage - <==      Total: 4
2023-05-02 16:20:45.933 [http-nio-8080-exec-24] DEBUG com.litao.rbac.dao.SysRoleDao.selectPage_mpCount - ==>  Preparing: SELECT COUNT(*) AS total FROM sys_role WHERE deleted = 0 AND (name LIKE ?)
2023-05-02 16:20:45.933 [http-nio-8080-exec-24] DEBUG com.litao.rbac.dao.SysRoleDao.selectPage_mpCount - ==> Parameters: %仓储管理员%(String)
2023-05-02 16:20:45.937 [http-nio-8080-exec-24] DEBUG com.litao.rbac.dao.SysRoleDao.selectPage_mpCount - <==      Total: 1
2023-05-02 16:20:45.938 [http-nio-8080-exec-24] DEBUG com.litao.rbac.dao.SysRoleDao.selectPage - ==>  Preparing: SELECT id,name,remark,creator,create_time,updater,update_time,deleted FROM sys_role WHERE deleted=0 AND (name LIKE ?) LIMIT ?
2023-05-02 16:20:45.938 [http-nio-8080-exec-24] DEBUG com.litao.rbac.dao.SysRoleDao.selectPage - ==> Parameters: %仓储管理员%(String), 12(Long)
2023-05-02 16:20:45.940 [http-nio-8080-exec-24] DEBUG com.litao.rbac.dao.SysRoleDao.selectPage - <==      Total: 1
2023-05-02 16:21:18.783 [http-nio-8080-exec-22] DEBUG com.litao.rbac.dao.SysRoleDao.selectById - ==>  Preparing: SELECT id,name,remark,creator,create_time,updater,update_time,deleted FROM sys_role WHERE id=? AND deleted=0
2023-05-02 16:21:18.783 [http-nio-8080-exec-22] DEBUG com.litao.rbac.dao.SysRoleDao.selectById - ==> Parameters: 2(Long)
2023-05-02 16:21:18.835 [http-nio-8080-exec-22] DEBUG com.litao.rbac.dao.SysRoleDao.selectById - <==      Total: 1
2023-05-02 16:21:18.835 [http-nio-8080-exec-22] DEBUG com.litao.rbac.dao.SysRoleMenuDao.getMenuIdList - ==>  Preparing: SELECT menu_id FROM sys_role_menu WHERE role_id=? AND deleted=0
2023-05-02 16:21:18.836 [http-nio-8080-exec-22] DEBUG com.litao.rbac.dao.SysRoleMenuDao.getMenuIdList - ==> Parameters: 2(Long)
2023-05-02 16:21:18.855 [http-nio-8080-exec-22] DEBUG com.litao.rbac.dao.SysRoleMenuDao.getMenuIdList - <==      Total: 4
2023-05-02 16:22:13.728 [http-nio-8080-exec-30] DEBUG com.litao.rbac.dao.SysRoleDao.insert - ==>  Preparing: INSERT INTO sys_role ( id, name, remark, creator, create_time, updater, update_time, deleted ) VALUES ( ?, ?, ?, ?, ?, ?, ?, ? )
2023-05-02 16:22:13.729 [http-nio-8080-exec-30] DEBUG com.litao.rbac.dao.SysRoleDao.insert - ==> Parameters: 0(Long), 测试角色(String), 测试角色(String), 10000(Long), 2023-05-02 16:22:13.728(Timestamp), 10000(Long), 2023-05-02 16:22:13.728(Timestamp), 0(Integer)
2023-05-02 16:22:13.732 [http-nio-8080-exec-30] DEBUG com.litao.rbac.dao.SysRoleDao.insert - <==    Updates: 1
2023-05-02 16:24:00.884 [http-nio-8080-exec-4] DEBUG com.litao.rbac.dao.SysRoleDao.updateById - ==>  Preparing: UPDATE sys_role SET name=?, remark=?, updater=?, update_time=? WHERE id=? AND deleted=0
2023-05-02 16:24:00.885 [http-nio-8080-exec-4] DEBUG com.litao.rbac.dao.SysRoleDao.updateById - ==> Parameters: test(String), test(String), 10000(Long), 2023-05-02 16:24:00.878(Timestamp), 6(Long)
2023-05-02 16:24:00.960 [http-nio-8080-exec-4] DEBUG com.litao.rbac.dao.SysRoleDao.updateById - <==    Updates: 1
2023-05-02 16:24:37.249 [http-nio-8080-exec-8] DEBUG com.litao.rbac.dao.SysRoleMenuDao.getMenuIdList - ==>  Preparing: SELECT menu_id FROM sys_role_menu WHERE role_id=? AND deleted=0
2023-05-02 16:24:37.250 [http-nio-8080-exec-8] DEBUG com.litao.rbac.dao.SysRoleMenuDao.getMenuIdList - ==> Parameters: 6(Long)
2023-05-02 16:24:37.252 [http-nio-8080-exec-8] DEBUG com.litao.rbac.dao.SysRoleMenuDao.getMenuIdList - <==      Total: 0
2023-05-02 16:24:37.273 [http-nio-8080-exec-8] DEBUG com.litao.rbac.dao.SysRoleMenuDao.insert - ==>  Preparing: INSERT INTO sys_role_menu ( role_id, menu_id, creator, create_time, updater, update_time, deleted ) VALUES ( ?, ?, ?, ?, ?, ?, ? )
2023-05-02 16:24:37.275 [http-nio-8080-exec-8] DEBUG com.litao.rbac.dao.SysRoleMenuDao.insert - ==> Parameters: 6(Long), 34(Long), 10000(Long), 2023-05-02 16:24:37.273(Timestamp), 10000(Long), 2023-05-02 16:24:37.273(Timestamp), 0(Integer)
2023-05-02 16:24:37.276 [http-nio-8080-exec-8] DEBUG com.litao.rbac.dao.SysRoleMenuDao.insert - ==> Parameters: 6(Long), 35(Long), 10000(Long), 2023-05-02 16:24:37.275(Timestamp), 10000(Long), 2023-05-02 16:24:37.275(Timestamp), 0(Integer)
2023-05-02 16:25:14.963 [http-nio-8080-exec-17] DEBUG com.litao.rbac.dao.SysRoleDao.deleteById - ==>  Preparing: UPDATE sys_role SET updater=?,update_time=?, deleted=1 WHERE id=? AND deleted=0
2023-05-02 16:25:14.964 [http-nio-8080-exec-17] DEBUG com.litao.rbac.dao.SysRoleDao.deleteById - ==> Parameters: 10000(Long), 2023-05-02 16:25:14.962(Timestamp), 6(Long)
2023-05-02 16:25:14.967 [http-nio-8080-exec-17] DEBUG com.litao.rbac.dao.SysRoleDao.deleteById - <==    Updates: 1
2023-05-02 16:25:14.972 [http-nio-8080-exec-17] DEBUG com.litao.rbac.dao.SysUserRoleDao.delete - ==>  Preparing: UPDATE sys_user_role SET deleted=1 WHERE deleted=0 AND (role_id IN (?))
2023-05-02 16:25:14.972 [http-nio-8080-exec-17] DEBUG com.litao.rbac.dao.SysUserRoleDao.delete - ==> Parameters: 6(Long)
2023-05-02 16:25:14.974 [http-nio-8080-exec-17] DEBUG com.litao.rbac.dao.SysUserRoleDao.delete - <==    Updates: 0
2023-05-02 16:25:14.976 [http-nio-8080-exec-17] DEBUG com.litao.rbac.dao.SysRoleMenuDao.delete - ==>  Preparing: UPDATE sys_role_menu SET deleted=1 WHERE deleted=0 AND (role_id IN (?))
2023-05-02 16:25:14.977 [http-nio-8080-exec-17] DEBUG com.litao.rbac.dao.SysRoleMenuDao.delete - ==> Parameters: 6(Long)
2023-05-02 16:25:14.978 [http-nio-8080-exec-17] DEBUG com.litao.rbac.dao.SysRoleMenuDao.delete - <==    Updates: 2
2023-05-02 16:27:19.175 [main] DEBUG com.litao.ServerApplication - Running with Spring Boot v3.0.5, Spring v6.0.7
2023-05-02 16:27:20.977 [main] DEBUG c.litao.security.filter.AuthenticationTokenFilter - Filter 'authenticationTokenFilter' configured for use
2023-05-02 16:27:33.465 [http-nio-8080-exec-18] DEBUG com.litao.rbac.dao.SysRoleDao.deleteById - ==>  Preparing: UPDATE sys_role SET updater=?,update_time=?, deleted=1 WHERE id=? AND deleted=0
2023-05-02 16:27:33.480 [http-nio-8080-exec-18] DEBUG com.litao.rbac.dao.SysRoleDao.deleteById - ==> Parameters: 10000(Long), 2023-05-02 16:27:33.416(Timestamp), 6(Long)
2023-05-02 16:27:33.511 [http-nio-8080-exec-18] DEBUG com.litao.rbac.dao.SysRoleDao.deleteById - <==    Updates: 0
2023-05-02 16:27:33.532 [http-nio-8080-exec-18] DEBUG com.litao.rbac.dao.SysUserRoleDao.delete - ==>  Preparing: UPDATE sys_user_role SET deleted=1 WHERE deleted=0 AND (role_id IN (?))
2023-05-02 16:27:33.534 [http-nio-8080-exec-18] DEBUG com.litao.rbac.dao.SysUserRoleDao.delete - ==> Parameters: 6(Long)
2023-05-02 16:27:33.538 [http-nio-8080-exec-18] DEBUG com.litao.rbac.dao.SysUserRoleDao.delete - <==    Updates: 0
2023-05-02 16:27:33.539 [http-nio-8080-exec-18] DEBUG com.litao.rbac.dao.SysRoleMenuDao.delete - ==>  Preparing: UPDATE sys_role_menu SET deleted=1 WHERE deleted=0 AND (role_id IN (?))
2023-05-02 16:27:33.540 [http-nio-8080-exec-18] DEBUG com.litao.rbac.dao.SysRoleMenuDao.delete - ==> Parameters: 6(Long)
2023-05-02 16:27:33.541 [http-nio-8080-exec-18] DEBUG com.litao.rbac.dao.SysRoleMenuDao.delete - <==    Updates: 0
2023-05-02 16:30:33.170 [main] DEBUG com.litao.ServerApplication - Running with Spring Boot v3.0.5, Spring v6.0.7
2023-05-02 16:30:35.026 [main] DEBUG c.litao.security.filter.AuthenticationTokenFilter - Filter 'authenticationTokenFilter' configured for use
2023-05-02 16:30:45.587 [http-nio-8080-exec-7] DEBUG com.litao.rbac.dao.SysMenuDao.getMenuList - ==>  Preparing: SELECT * FROM sys_menu WHERE deleted = 0 AND type = ? ORDER BY sort
2023-05-02 16:30:45.606 [http-nio-8080-exec-7] DEBUG com.litao.rbac.dao.SysMenuDao.getMenuList - ==> Parameters: 1(Integer)
2023-05-02 16:30:45.637 [http-nio-8080-exec-7] DEBUG com.litao.rbac.dao.SysMenuDao.getMenuList - <==      Total: 20
2023-05-02 16:31:17.750 [http-nio-8080-exec-12] DEBUG com.litao.rbac.dao.SysMenuDao.getMenuList - ==>  Preparing: SELECT * FROM sys_menu WHERE deleted = 0 AND type = ? ORDER BY sort
2023-05-02 16:31:17.751 [http-nio-8080-exec-12] DEBUG com.litao.rbac.dao.SysMenuDao.getMenuList - ==> Parameters: 0(Integer)
2023-05-02 16:31:17.758 [http-nio-8080-exec-12] DEBUG com.litao.rbac.dao.SysMenuDao.getMenuList - <==      Total: 10
2023-05-02 16:32:01.323 [http-nio-8080-exec-16] DEBUG com.litao.rbac.dao.SysMenuDao.selectById - ==>  Preparing: SELECT id,pid,name,url,authority,type,open_style,icon,sort,creator,create_time,updater,update_time,deleted FROM sys_menu WHERE id=? AND deleted=0
2023-05-02 16:32:01.324 [http-nio-8080-exec-16] DEBUG com.litao.rbac.dao.SysMenuDao.selectById - ==> Parameters: 34(Long)
2023-05-02 16:32:01.325 [http-nio-8080-exec-16] DEBUG com.litao.rbac.dao.SysMenuDao.selectById - <==      Total: 0
2023-05-02 16:32:40.318 [http-nio-8080-exec-18] DEBUG com.litao.rbac.dao.SysMenuDao.selectById - ==>  Preparing: SELECT id,pid,name,url,authority,type,open_style,icon,sort,creator,create_time,updater,update_time,deleted FROM sys_menu WHERE id=? AND deleted=0
2023-05-02 16:32:40.318 [http-nio-8080-exec-18] DEBUG com.litao.rbac.dao.SysMenuDao.selectById - ==> Parameters: 24(Long)
2023-05-02 16:32:40.320 [http-nio-8080-exec-18] DEBUG com.litao.rbac.dao.SysMenuDao.selectById - <==      Total: 1
2023-05-02 16:34:50.028 [http-nio-8080-exec-21] DEBUG com.litao.rbac.dao.SysMenuDao.insert - ==>  Preparing: INSERT INTO sys_menu ( id, pid, name, url, authority, type, open_style, icon, sort, creator, create_time, updater, update_time, deleted ) VALUES ( ?, ?, ?, ?, ?, ?, ?, ?, ?, ?, ?, ?, ?, ? )
2023-05-02 16:34:50.029 [http-nio-8080-exec-21] DEBUG com.litao.rbac.dao.SysMenuDao.insert - ==> Parameters: 0(Long), 0(Long), 图片管理(String), /images/index(String), (String), 0(Integer), 0(Integer), CameraFilled(String), 10(Integer), 10000(Long), 2023-05-02 16:34:50.026(Timestamp), 10000(Long), 2023-05-02 16:34:50.026(Timestamp), 0(Integer)
2023-05-02 16:34:50.033 [http-nio-8080-exec-21] DEBUG com.litao.rbac.dao.SysMenuDao.insert - <==    Updates: 1
2023-05-02 16:36:53.149 [http-nio-8080-exec-24] DEBUG com.litao.rbac.dao.SysMenuDao.updateById - ==>  Preparing: UPDATE sys_menu SET pid=?, name=?, url=?, authority=?, type=?, open_style=?, icon=?, sort=?, updater=?, update_time=? WHERE id=? AND deleted=0
2023-05-02 16:36:53.150 [http-nio-8080-exec-24] DEBUG com.litao.rbac.dao.SysMenuDao.updateById - ==> Parameters: 0(Long), 图片管理(String), /images/index(String), (String), 0(Integer), 0(Integer), CameraFilled(String), 9(Integer), 10000(Long), 2023-05-02 16:36:53.101(Timestamp), 54(Long)
2023-05-02 16:36:53.154 [http-nio-8080-exec-24] DEBUG com.litao.rbac.dao.SysMenuDao.updateById - <==    Updates: 1
2023-05-02 16:37:06.384 [http-nio-8080-exec-25] DEBUG com.litao.rbac.dao.SysMenuDao.updateById - ==>  Preparing: UPDATE sys_menu SET pid=?, name=?, url=?, authority=?, type=?, open_style=?, icon=?, sort=?, updater=?, update_time=? WHERE id=? AND deleted=0
2023-05-02 16:37:06.384 [http-nio-8080-exec-25] DEBUG com.litao.rbac.dao.SysMenuDao.updateById - ==> Parameters: 0(Long), 图片管理11(String), /images/index(String), (String), 0(Integer), 0(Integer), CameraFilled(String), 9(Integer), 10000(Long), 2023-05-02 16:37:06.383(Timestamp), 54(Long)
2023-05-02 16:37:06.385 [http-nio-8080-exec-25] DEBUG com.litao.rbac.dao.SysMenuDao.updateById - <==    Updates: 1
2023-05-02 16:37:24.020 [http-nio-8080-exec-26] DEBUG com.litao.rbac.dao.SysMenuDao.selectCount - ==>  Preparing: SELECT COUNT( * ) AS total FROM sys_menu WHERE deleted=0 AND (pid = ?)
2023-05-02 16:37:24.020 [http-nio-8080-exec-26] DEBUG com.litao.rbac.dao.SysMenuDao.selectCount - ==> Parameters: 54(Long)
2023-05-02 16:37:24.024 [http-nio-8080-exec-26] DEBUG com.litao.rbac.dao.SysMenuDao.selectCount - <==      Total: 1
2023-05-02 16:37:24.028 [http-nio-8080-exec-26] DEBUG com.litao.rbac.dao.SysMenuDao.deleteById - ==>  Preparing: UPDATE sys_menu SET updater=?,update_time=?, deleted=1 WHERE id=? AND deleted=0
2023-05-02 16:37:24.028 [http-nio-8080-exec-26] DEBUG com.litao.rbac.dao.SysMenuDao.deleteById - ==> Parameters: 10000(Long), 2023-05-02 16:37:24.027(Timestamp), 54(Long)
2023-05-02 16:37:24.029 [http-nio-8080-exec-26] DEBUG com.litao.rbac.dao.SysMenuDao.deleteById - <==    Updates: 1
2023-05-02 16:37:24.032 [http-nio-8080-exec-26] DEBUG com.litao.rbac.dao.SysRoleMenuDao.delete - ==>  Preparing: UPDATE sys_role_menu SET deleted=1 WHERE deleted=0 AND (menu_id = ?)
2023-05-02 16:37:24.033 [http-nio-8080-exec-26] DEBUG com.litao.rbac.dao.SysRoleMenuDao.delete - ==> Parameters: 54(Long)
2023-05-02 16:37:24.036 [http-nio-8080-exec-26] DEBUG com.litao.rbac.dao.SysRoleMenuDao.delete - <==    Updates: 0
